<?xml version="1.0" encoding="UTF-8"?>
<!-- Generated by org.testng.reporters.JUnitXMLReporter -->
<testsuite ignored="0" hostname="LP-5CD151GGFP" failures="1" tests="8" name="Test" time="28.46" errors="0" timestamp="2022-04-29T13:06:02 IST">
  <testcase classname="com.package2.DemoTesting" name="m1" time="0.006"/>
  <testcase classname="com.package2.DemoTesting" name="m2" time="0.0"/>
  <testcase classname="com.packageOne.DemonewTest" name="m3" time="0.002"/>
  <testcase classname="com.packageOne.DemonewTest" name="m4" time="0.001"/>
  <testcase classname="com.packageOne.TestNgDemo" name="m1" time="0.001"/>
  <testcase classname="com.packageOne.AutoLaunchBrowsers" name="Browser" time="28.402">
    <failure type="org.openqa.selenium.InvalidSelectorException" message="invalid selector: Unable to locate an element with the xpath expression (//td[@id=&amp;apos;BE_flight_origin_date&amp;apos;] because of the following error:
SyntaxError: Failed to execute &amp;apos;evaluate&amp;apos; on &amp;apos;Document&amp;apos;: The string &amp;apos;(//td[@id=&amp;apos;BE_flight_origin_date&amp;apos;]&amp;apos; is not a valid XPath expression.
  (Session info: MicrosoftEdge=100.0.1185.50)
For documentation on this error, please visit: https://selenium.dev/exceptions/#invalid_selector_exception
Build info: version: &amp;apos;4.1.1&amp;apos;, revision: &amp;apos;e8fcc2cecf&amp;apos;
System info: host: &amp;apos;LP-5CD151GGFP&amp;apos;, ip: &amp;apos;192.168.29.112&amp;apos;, os.name: &amp;apos;Windows 10&amp;apos;, os.arch: &amp;apos;amd64&amp;apos;, os.version: &amp;apos;10.0&amp;apos;, java.version: &amp;apos;16.0.1&amp;apos;
Driver info: org.openqa.selenium.edge.EdgeDriver
Command: [04f872747a28ad3e8f7749f1a0b5058a, findElement {using=xpath, value=(//td[@id=&amp;apos;BE_flight_origin_date&amp;apos;]}]
Capabilities {acceptInsecureCerts: false, browserName: msedge, browserVersion: 100.0.1185.50, javascriptEnabled: true, ms:edgeOptions: {debuggerAddress: localhost:61000}, msedge: {msedgedriverVersion: 100.0.1185.39 (5d3e4966b112..., userDataDir: C:\Users\RATNES~1.JHA\AppDa...}, networkConnectionEnabled: false, pageLoadStrategy: normal, platform: WINDOWS, platformName: WINDOWS, proxy: Proxy(), se:cdp: ws://localhost:61000/devtoo..., se:cdpVersion: 100.0.1185.50, setWindowRect: true, strictFileInteractability: false, timeouts: {implicit: 0, pageLoad: 300000, script: 30000}, unhandledPromptBehavior: dismiss and notify, webauthn:extension:credBlob: true, webauthn:extension:largeBlob: true, webauthn:virtualAuthenticators: true}
Session ID: 04f872747a28ad3e8f7749f1a0b5058a">
      <![CDATA[org.openqa.selenium.InvalidSelectorException: invalid selector: Unable to locate an element with the xpath expression (//td[@id='BE_flight_origin_date'] because of the following error:
SyntaxError: Failed to execute 'evaluate' on 'Document': The string '(//td[@id='BE_flight_origin_date']' is not a valid XPath expression.
  (Session info: MicrosoftEdge=100.0.1185.50)
For documentation on this error, please visit: https://selenium.dev/exceptions/#invalid_selector_exception
Build info: version: '4.1.1', revision: 'e8fcc2cecf'
System info: host: 'LP-5CD151GGFP', ip: '192.168.29.112', os.name: 'Windows 10', os.arch: 'amd64', os.version: '10.0', java.version: '16.0.1'
Driver info: org.openqa.selenium.edge.EdgeDriver
Command: [04f872747a28ad3e8f7749f1a0b5058a, findElement {using=xpath, value=(//td[@id='BE_flight_origin_date']}]
Capabilities {acceptInsecureCerts: false, browserName: msedge, browserVersion: 100.0.1185.50, javascriptEnabled: true, ms:edgeOptions: {debuggerAddress: localhost:61000}, msedge: {msedgedriverVersion: 100.0.1185.39 (5d3e4966b112..., userDataDir: C:\Users\RATNES~1.JHA\AppDa...}, networkConnectionEnabled: false, pageLoadStrategy: normal, platform: WINDOWS, platformName: WINDOWS, proxy: Proxy(), se:cdp: ws://localhost:61000/devtoo..., se:cdpVersion: 100.0.1185.50, setWindowRect: true, strictFileInteractability: false, timeouts: {implicit: 0, pageLoad: 300000, script: 30000}, unhandledPromptBehavior: dismiss and notify, webauthn:extension:credBlob: true, webauthn:extension:largeBlob: true, webauthn:virtualAuthenticators: true}
Session ID: 04f872747a28ad3e8f7749f1a0b5058a
at org.openqa.selenium.remote.codec.w3c.W3CHttpResponseCodec.createException(W3CHttpResponseCodec.java:200)
at org.openqa.selenium.remote.codec.w3c.W3CHttpResponseCodec.decode(W3CHttpResponseCodec.java:133)
at org.openqa.selenium.remote.codec.w3c.W3CHttpResponseCodec.decode(W3CHttpResponseCodec.java:53)
at org.openqa.selenium.remote.HttpCommandExecutor.execute(HttpCommandExecutor.java:184)
at org.openqa.selenium.remote.service.DriverCommandExecutor.invokeExecute(DriverCommandExecutor.java:167)
at org.openqa.selenium.remote.service.DriverCommandExecutor.execute(DriverCommandExecutor.java:142)
at org.openqa.selenium.remote.RemoteWebDriver.execute(RemoteWebDriver.java:543)
at org.openqa.selenium.remote.ElementLocation$ElementFinder$2.findElement(ElementLocation.java:162)
at org.openqa.selenium.remote.ElementLocation.findElement(ElementLocation.java:60)
at org.openqa.selenium.remote.RemoteWebDriver.findElement(RemoteWebDriver.java:367)
at org.openqa.selenium.remote.RemoteWebDriver.findElement(RemoteWebDriver.java:359)
at com.packageOne.AutoLaunchBrowsers.Browser(AutoLaunchBrowsers.java:31)
at java.base/java.util.ArrayList.forEach(ArrayList.java:1511)
... Removed 32 stack frames]]>
    </failure>
  </testcase> <!-- Browser -->
  <testcase classname="com.package2.FirstTest" name="m3" time="0.001"/>
  <testcase classname="com.package2.FirstTest" name="m4" time="0.001"/>
</testsuite> <!-- Test -->
